<?xml version="1.0" encoding="UTF-8"?>
<testsuite name="tests.UiAndApitests" tests="1" skipped="0" failures="0" errors="0" timestamp="2025-02-17T18:00:02" hostname="DESKTOP-49FATQ1" time="9.801">
  <properties/>
  <testcase name="loginWithApiTest()" classname="tests.UiAndApitests" time="9.801"/>
  <system-out><![CDATA[HTTP/1.1 302 Found
Content-Length: 118
Content-Type: text/html; charset=utf-8
Date: Mon, 17 Feb 2025 18:00:04 GMT
Server: Microsoft-IIS/10.0
Cache-Control: private
Location: /
Set-Cookie: Nop.customer=e11b24e4-d417-4664-9180-d636d1dc76d1; expires=Tue, 17-Feb-2026 18:00:04 GMT; path=/; HttpOnly
Set-Cookie: NOPCOMMERCE.AUTH=2C0A78E66710ECA88B82333701649102510856A5133320CF46F3703A2EB5948881AB5FD4AA4E30A4543CB1FB8FF101000EA0389D656E6867259A74800420A23DBC16E25A1AFCFCF01DA2D8D920F366355B3278899657C404DF3FE25D82C4748786A1982AFF035773E1FFF2A3D85B167B6A5BFB0D63A3C65C11522DABB4ADB472; path=/; HttpOnly
Set-Cookie: ARRAffinity=ab1d27ec558002d89bd248f3070321fabd47658f9e38575f9c1a84b4f0c1e631;Path=/;HttpOnly;Secure;Domain=demowebshop.tricentis.com
Set-Cookie: ARRAffinitySameSite=ab1d27ec558002d89bd248f3070321fabd47658f9e38575f9c1a84b4f0c1e631;Path=/;HttpOnly;SameSite=None;Secure;Domain=demowebshop.tricentis.com
X-AspNetMvc-Version: 5.2
X-AspNet-Version: 4.0.30319
X-Powered-By: ASP.NET

<html>
  <head>
    <title>Object moved</title>
  </head>
  <body>
    <h2>
Object moved to       <a shape="rect" href="/">here</a>
.    </h2>
  </body>
</html>
]]></system-out>
  <system-err><![CDATA[[Test worker] INFO com.codeborne.selenide.impl.WebDriverThreadLocalContainer - No webdriver is bound to current thread: 1 - let's create a new webdriver
[Test worker] INFO com.codeborne.selenide.impl.FileHelper - Creating folder: C:\Users\takli\IdeaProjects\UI_API_tests\build\downloads\1739815204875_34596_1
[Test worker] INFO io.github.bonigarcia.wdm.WebDriverManager - Using chromedriver 133.0.6943.98 (resolved driver for Chrome 133)
[Test worker] INFO io.github.bonigarcia.wdm.WebDriverManager - Exporting webdriver.chrome.driver as C:\Users\takli\.cache\selenium\chromedriver\win64\133.0.6943.98\chromedriver.exe
февр. 17, 2025 9:00:06 PM org.openqa.selenium.remote.service.DriverService$Builder getLogOutput
INFO: Driver logs no longer sent to console by default; https://www.selenium.dev/documentation/webdriver/drivers/service/#setting-log-output
[Test worker] INFO com.codeborne.selenide.webdriver.SelenideNettyClientFactory - Changed readTimeout from PT3M to PT1M30S
[Test worker] INFO com.codeborne.selenide.webdriver.SelenideNettyClientFactory - Changed readTimeout from PT3M to PT1M30S
[Test worker] INFO com.codeborne.selenide.webdriver.SelenideNettyClientFactory - Changed readTimeout from PT3M to PT1M30S
февр. 17, 2025 9:00:09 PM org.openqa.selenium.devtools.CdpVersionFinder findNearestMatch
WARNING: Unable to find CDP implementation matching 133
февр. 17, 2025 9:00:09 PM org.openqa.selenium.chromium.ChromiumDriver lambda$new$4
WARNING: Unable to find version of CDP to use for . You may need to include a dependency on a specific version of the CDP using something similar to `org.seleniumhq.selenium:selenium-devtools-v86:4.10.0` where the version ("v86") matches the version of the chromium-based browser you're using and the version number of the artifact is the same as Selenium's.
[Test worker] INFO com.codeborne.selenide.webdriver.WebDriverFactory - BrowserName=chrome Version=133.0.6943.98 Platform=windows
[Test worker] INFO com.codeborne.selenide.webdriver.WebDriverFactory - Selenide v. 6.16.1
[Test worker] INFO com.codeborne.selenide.webdriver.WebDriverFactory - Selenium WebDriver v. 4.10.0 build revision: c14d967899
[Test worker] INFO com.codeborne.selenide.drivercommands.CreateDriverCommand - Created webdriver in thread 1: ChromeDriver -> ChromeDriver: chrome on windows (80c8452e84c0492cb09ce8db008f420e)
[Test worker] INFO com.codeborne.selenide.drivercommands.DisposablesRegistry - Register WebDriverInstance[config=StaticConfig,webDriver=ChromeDriver: chrome on windows (80c8452e84c0492cb09ce8db008f420e),proxy=null,downloadsFolder=C:\Users\takli\IdeaProjects\UI_API_tests\build\downloads\1739815204875_34596_1] in 1 [size=1]
[Test worker] INFO com.codeborne.selenide.drivercommands.DisposablesRegistry - Add shutdown hook in 1 [size=1]
]]></system-err>
</testsuite>
